<?xml version="1.0" encoding="UTF-8"?>
<!-- Generated by org.testng.reporters.JUnitReportReporter -->
<testsuite hostname="LakshmiNarayan" failures="0" tests="3" name="basic.Test1" time="11.006" errors="0" timestamp="2023-12-04T10:48:59 IST" skipped="0">
  <testcase classname="basic.Test1" name="zomato" time="4.613"/>
  <testcase classname="basic.Test1" name="swiggy" time="2.855"/>
  <testcase classname="basic.Test1" name="facebook" time="3.538"/>
</testsuite> <!-- basic.Test1 -->
