<?xml version="1.0" encoding="UTF-8"?>
<!-- Generated by org.testng.reporters.JUnitReportReporter -->
<testsuite hostname="LakshmiNarayan" failures="0" tests="1" name="basic.ReadDataJenkins" time="6.309" errors="0" timestamp="2023-12-04T10:38:28 IST" skipped="0">
  <testcase classname="basic.ReadDataJenkins" name="vTiger" time="6.309"/>
</testsuite> <!-- basic.ReadDataJenkins -->
