<?xml version="1.0" encoding="UTF-8"?>
<!-- Generated by org.testng.reporters.JUnitReportReporter -->
<testsuite hostname="LakshmiNarayan" failures="0" tests="1" name="basic.Test1" time="19.430" errors="0" timestamp="2023-12-02T10:11:52 IST" skipped="0">
  <testcase classname="basic.Test1" name="facebook" time="19.430"/>
</testsuite> <!-- basic.Test1 -->
